# JRE version: OpenJDK Runtime Environment Temurin-17.0.5+8 (17.0.5+8) (build 17.0.5+8)
# Java VM: OpenJDK 64-Bit Server VM Temurin-17.0.5+8 (17.0.5+8, mixed mode, tiered, compressed oops, compressed class ptrs, parallel gc, windows-amd64)
GC Precious Log:
 CPUs: 4 total, 4 available
 Memory: 8069M
 Large Page Support: Disabled
 NUMA Support: Disabled
 Compressed Oops: Enabled (32-bit)
 Alignments: Space 512K, Generation 512K, Heap 2M
 Heap Min Capacity: 100M
 Heap Initial Capacity: 100M
 Heap Max Capacity: 1G
 Pre-touch: Disabled
 Parallel Workers: 4
Heap:
 PSYoungGen      total 1536K, used 544K [0x00000000eab00000, 0x00000000eb000000, 0x0000000100000000)
  eden space 512K, 0% used [0x00000000eab00000,0x00000000eab00000,0x00000000eab80000)
  from space 1024K, 53% used [0x00000000eab80000,0x00000000eac08000,0x00000000eac80000)
  to   space 2048K, 0% used [0x00000000eae00000,0x00000000eae00000,0x00000000eb000000)
 ParOldGen       total 165888K, used 164825K [0x00000000c0000000, 0x00000000ca200000, 0x00000000eab00000)
  object space 165888K, 99% used [0x00000000c0000000,0x00000000ca0f66b0,0x00000000ca200000)
 Metaspace       used 87301K, committed 88256K, reserved 1130496K
  class space    used 8687K, committed 9152K, reserved 1048576K
GC Heap History (20 events):
Event: 12880.637 GC heap after
{Heap after GC invocations=7878 (full 117):
 PSYoungGen      total 1024K, used 493K [0x00000000eab00000, 0x00000000eb300000, 0x0000000100000000)
  eden space 512K, 0% used [0x00000000eab00000,0x00000000eab00000,0x00000000eab80000)
  from space 512K, 96% used [0x00000000eae80000,0x00000000eaefb610,0x00000000eaf00000)
  to   space 3072K, 0% used [0x00000000eab80000,0x00000000eab80000,0x00000000eae80000)
 ParOldGen       total 165888K, used 154897K [0x00000000c0000000, 0x00000000ca200000, 0x00000000eab00000)
  object space 165888K, 93% used [0x00000000c0000000,0x00000000c97446a0,0x00000000ca200000)
 Metaspace       used 87301K, committed 88256K, reserved 1130496K
  class space    used 8687K, committed 9152K, reserved 1048576K
}
Event: 12880.639 GC heap before
{Heap before GC invocations=7879 (full 117):
 PSYoungGen      total 1024K, used 1005K [0x00000000eab00000, 0x00000000eb300000, 0x0000000100000000)
  eden space 512K, 100% used [0x00000000eab00000,0x00000000eab80000,0x00000000eab80000)
  from space 512K, 96% used [0x00000000eae80000,0x00000000eaefb610,0x00000000eaf00000)
  to   space 3072K, 0% used [0x00000000eab80000,0x00000000eab80000,0x00000000eae80000)
 ParOldGen       total 165888K, used 154897K [0x00000000c0000000, 0x00000000ca200000, 0x00000000eab00000)
  object space 165888K, 93% used [0x00000000c0000000,0x00000000c97446a0,0x00000000ca200000)
 Metaspace       used 87301K, committed 88256K, reserved 1130496K
  class space    used 8687K, committed 9152K, reserved 1048576K
}
Event: 12880.640 GC heap after
{Heap after GC invocations=7879 (full 117):
 PSYoungGen      total 1024K, used 512K [0x00000000eab00000, 0x00000000eaf00000, 0x0000000100000000)
  eden space 512K, 0% used [0x00000000eab00000,0x00000000eab00000,0x00000000eab80000)
  from space 512K, 100% used [0x00000000eab80000,0x00000000eac00000,0x00000000eac00000)
  to   space 1536K, 0% used [0x00000000ead80000,0x00000000ead80000,0x00000000eaf00000)
 ParOldGen       total 165888K, used 155399K [0x00000000c0000000, 0x00000000ca200000, 0x00000000eab00000)
  object space 165888K, 93% used [0x00000000c0000000,0x00000000c97c1cb0,0x00000000ca200000)
 Metaspace       used 87301K, committed 88256K, reserved 1130496K
  class space    used 8687K, committed 9152K, reserved 1048576K
}
Event: 12880.642 GC heap before
{Heap before GC invocations=7880 (full 117):
 PSYoungGen      total 1024K, used 1024K [0x00000000eab00000, 0x00000000eaf00000, 0x0000000100000000)
  eden space 512K, 100% used [0x00000000eab00000,0x00000000eab80000,0x00000000eab80000)
  from space 512K, 100% used [0x00000000eab80000,0x00000000eac00000,0x00000000eac00000)
  to   space 1536K, 0% used [0x00000000ead80000,0x00000000ead80000,0x00000000eaf00000)
 ParOldGen       total 165888K, used 155399K [0x00000000c0000000, 0x00000000ca200000, 0x00000000eab00000)
  object space 165888K, 93% used [0x00000000c0000000,0x00000000c97c1cb0,0x00000000ca200000)
 Metaspace       used 87301K, committed 88256K, reserved 1130496K
  class space    used 8687K, committed 9152K, reserved 1048576K
}
Event: 12880.643 GC heap after
{Heap after GC invocations=7880 (full 117):
 PSYoungGen      total 1536K, used 512K [0x00000000eab00000, 0x00000000eae00000, 0x0000000100000000)
  eden space 1024K, 0% used [0x00000000eab00000,0x00000000eab00000,0x00000000eac00000)
  from space 512K, 100% used [0x00000000ead80000,0x00000000eae00000,0x00000000eae00000)
  to   space 1024K, 0% used [0x00000000eac00000,0x00000000eac00000,0x00000000ead00000)
 ParOldGen       total 165888K, used 155887K [0x00000000c0000000, 0x00000000ca200000, 0x00000000eab00000)
  object space 165888K, 93% used [0x00000000c0000000,0x00000000c983bcb0,0x00000000ca200000)
 Metaspace       used 87301K, committed 88256K, reserved 1130496K
  class space    used 8687K, committed 9152K, reserved 1048576K
}
Event: 12880.646 GC heap before
{Heap before GC invocations=7881 (full 117):
 PSYoungGen      total 1536K, used 1536K [0x00000000eab00000, 0x00000000eae00000, 0x0000000100000000)
  eden space 1024K, 100% used [0x00000000eab00000,0x00000000eac00000,0x00000000eac00000)
  from space 512K, 100% used [0x00000000ead80000,0x00000000eae00000,0x00000000eae00000)
  to   space 1024K, 0% used [0x00000000eac00000,0x00000000eac00000,0x00000000ead00000)
 ParOldGen       total 165888K, used 155887K [0x00000000c0000000, 0x00000000ca200000, 0x00000000eab00000)
  object space 165888K, 93% used [0x00000000c0000000,0x00000000c983bcb0,0x00000000ca200000)
 Metaspace       used 87301K, committed 88256K, reserved 1130496K
  class space    used 8687K, committed 9152K, reserved 1048576K
}
Event: 12880.648 GC heap after
{Heap after GC invocations=7881 (full 117):
 PSYoungGen      total 2048K, used 1024K [0x00000000eab00000, 0x00000000eb080000, 0x0000000100000000)
  eden space 1024K, 0% used [0x00000000eab00000,0x00000000eab00000,0x00000000eac00000)
  from space 1024K, 100% used [0x00000000eac00000,0x00000000ead00000,0x00000000ead00000)
  to   space 2048K, 0% used [0x00000000eae80000,0x00000000eae80000,0x00000000eb080000)
 ParOldGen       total 165888K, used 156391K [0x00000000c0000000, 0x00000000ca200000, 0x00000000eab00000)
  object space 165888K, 94% used [0x00000000c0000000,0x00000000c98b9cb0,0x00000000ca200000)
 Metaspace       used 87301K, committed 88256K, reserved 1130496K
  class space    used 8687K, committed 9152K, reserved 1048576K
}
Event: 12880.651 GC heap before
{Heap before GC invocations=7882 (full 117):
 PSYoungGen      total 2048K, used 2048K [0x00000000eab00000, 0x00000000eb080000, 0x0000000100000000)
  eden space 1024K, 100% used [0x00000000eab00000,0x00000000eac00000,0x00000000eac00000)
  from space 1024K, 100% used [0x00000000eac00000,0x00000000ead00000,0x00000000ead00000)
  to   space 2048K, 0% used [0x00000000eae80000,0x00000000eae80000,0x00000000eb080000)
 ParOldGen       total 165888K, used 156391K [0x00000000c0000000, 0x00000000ca200000, 0x00000000eab00000)
  object space 165888K, 94% used [0x00000000c0000000,0x00000000c98b9cb0,0x00000000ca200000)
 Metaspace       used 87301K, committed 88256K, reserved 1130496K
  class space    used 8687K, committed 9152K, reserved 1048576K
}
Event: 12880.654 GC heap after
{Heap after GC invocations=7882 (full 117):
 PSYoungGen      total 2560K, used 1024K [0x00000000eab00000, 0x00000000eaf80000, 0x0000000100000000)
  eden space 1536K, 0% used [0x00000000eab00000,0x00000000eab00000,0x00000000eac80000)
  from space 1024K, 100% used [0x00000000eae80000,0x00000000eaf80000,0x00000000eaf80000)
  to   space 1536K, 0% used [0x00000000eac80000,0x00000000eac80000,0x00000000eae00000)
 ParOldGen       total 165888K, used 157399K [0x00000000c0000000, 0x00000000ca200000, 0x00000000eab00000)
  object space 165888K, 94% used [0x00000000c0000000,0x00000000c99b5cb0,0x00000000ca200000)
 Metaspace       used 87301K, committed 88256K, reserved 1130496K
  class space    used 8687K, committed 9152K, reserved 1048576K
}
Event: 12880.658 GC heap before
{Heap before GC invocations=7883 (full 117):
 PSYoungGen      total 2560K, used 2560K [0x00000000eab00000, 0x00000000eaf80000, 0x0000000100000000)
  eden space 1536K, 100% used [0x00000000eab00000,0x00000000eac80000,0x00000000eac80000)
  from space 1024K, 100% used [0x00000000eae80000,0x00000000eaf80000,0x00000000eaf80000)
  to   space 1536K, 0% used [0x00000000eac80000,0x00000000eac80000,0x00000000eae00000)
 ParOldGen       total 165888K, used 157399K [0x00000000c0000000, 0x00000000ca200000, 0x00000000eab00000)
  object space 165888K, 94% used [0x00000000c0000000,0x00000000c99b5cb0,0x00000000ca200000)
 Metaspace       used 87301K, committed 88256K, reserved 1130496K
  class space    used 8687K, committed 9152K, reserved 1048576K
}
Event: 12880.661 GC heap after
{Heap after GC invocations=7883 (full 117):
 PSYoungGen      total 3072K, used 1536K [0x00000000eab00000, 0x00000000eb300000, 0x0000000100000000)
  eden space 1536K, 0% used [0x00000000eab00000,0x00000000eab00000,0x00000000eac80000)
  from space 1536K, 100% used [0x00000000eac80000,0x00000000eae00000,0x00000000eae00000)
  to   space 3072K, 0% used [0x00000000eb000000,0x00000000eb000000,0x00000000eb300000)
 ParOldGen       total 165888K, used 158415K [0x00000000c0000000, 0x00000000ca200000, 0x00000000eab00000)
  object space 165888K, 95% used [0x00000000c0000000,0x00000000c9ab3cb0,0x00000000ca200000)
 Metaspace       used 87301K, committed 88256K, reserved 1130496K
  class space    used 8687K, committed 9152K, reserved 1048576K
}
Event: 12880.667 GC heap before
{Heap before GC invocations=7884 (full 117):
 PSYoungGen      total 3072K, used 3025K [0x00000000eab00000, 0x00000000eb300000, 0x0000000100000000)
  eden space 1536K, 96% used [0x00000000eab00000,0x00000000eac745e8,0x00000000eac80000)
  from space 1536K, 100% used [0x00000000eac80000,0x00000000eae00000,0x00000000eae00000)
  to   space 3072K, 0% used [0x00000000eb000000,0x00000000eb000000,0x00000000eb300000)
 ParOldGen       total 165888K, used 158415K [0x00000000c0000000, 0x00000000ca200000, 0x00000000eab00000)
  object space 165888K, 95% used [0x00000000c0000000,0x00000000c9ab3cb0,0x00000000ca200000)
 Metaspace       used 87301K, committed 88256K, reserved 1130496K
  class space    used 8687K, committed 9152K, reserved 1048576K
}
Event: 12880.670 GC heap after
{Heap after GC invocations=7884 (full 117):
 PSYoungGen      total 3584K, used 1386K [0x00000000eab00000, 0x00000000eb180000, 0x0000000100000000)
  eden space 2048K, 0% used [0x00000000eab00000,0x00000000eab00000,0x00000000ead00000)
  from space 1536K, 90% used [0x00000000eb000000,0x00000000eb15a800,0x00000000eb180000)
  to   space 2048K, 0% used [0x00000000ead80000,0x00000000ead80000,0x00000000eaf80000)
 ParOldGen       total 165888K, used 159943K [0x00000000c0000000, 0x00000000ca200000, 0x00000000eab00000)
  object space 165888K, 96% used [0x00000000c0000000,0x00000000c9c31cb0,0x00000000ca200000)
 Metaspace       used 87301K, committed 88256K, reserved 1130496K
  class space    used 8687K, committed 9152K, reserved 1048576K
}
Event: 12880.680 GC heap before
{Heap before GC invocations=7885 (full 117):
 PSYoungGen      total 3584K, used 3315K [0x00000000eab00000, 0x00000000eb180000, 0x0000000100000000)
  eden space 2048K, 94% used [0x00000000eab00000,0x00000000eace24f8,0x00000000ead00000)
  from space 1536K, 90% used [0x00000000eb000000,0x00000000eb15a800,0x00000000eb180000)
  to   space 2048K, 0% used [0x00000000ead80000,0x00000000ead80000,0x00000000eaf80000)
 ParOldGen       total 165888K, used 159943K [0x00000000c0000000, 0x00000000ca200000, 0x00000000eab00000)
  object space 165888K, 96% used [0x00000000c0000000,0x00000000c9c31cb0,0x00000000ca200000)
 Metaspace       used 87301K, committed 88256K, reserved 1130496K
  class space    used 8687K, committed 9152K, reserved 1048576K
}
Event: 12880.684 GC heap after
{Heap after GC invocations=7885 (full 117):
 PSYoungGen      total 4608K, used 1800K [0x00000000eab00000, 0x00000000eb180000, 0x0000000100000000)
  eden space 2560K, 0% used [0x00000000eab00000,0x00000000eab00000,0x00000000ead80000)
  from space 2048K, 87% used [0x00000000ead80000,0x00000000eaf42000,0x00000000eaf80000)
  to   space 2048K, 0% used [0x00000000eaf80000,0x00000000eaf80000,0x00000000eb180000)
 ParOldGen       total 165888K, used 161023K [0x00000000c0000000, 0x00000000ca200000, 0x00000000eab00000)
  object space 165888K, 97% used [0x00000000c0000000,0x00000000c9d3fcb0,0x00000000ca200000)
 Metaspace       used 87301K, committed 88256K, reserved 1130496K
  class space    used 8687K, committed 9152K, reserved 1048576K
}
Event: 12880.717 GC heap before
{Heap before GC invocations=7886 (full 117):
 PSYoungGen      total 4608K, used 4360K [0x00000000eab00000, 0x00000000eb180000, 0x0000000100000000)
  eden space 2560K, 100% used [0x00000000eab00000,0x00000000ead80000,0x00000000ead80000)
  from space 2048K, 87% used [0x00000000ead80000,0x00000000eaf42000,0x00000000eaf80000)
  to   space 2048K, 0% used [0x00000000eaf80000,0x00000000eaf80000,0x00000000eb180000)
 ParOldGen       total 165888K, used 161023K [0x00000000c0000000, 0x00000000ca200000, 0x00000000eab00000)
  object space 165888K, 97% used [0x00000000c0000000,0x00000000c9d3fcb0,0x00000000ca200000)
 Metaspace       used 87301K, committed 88256K, reserved 1130496K
  class space    used 8687K, committed 9152K, reserved 1048576K
}
Event: 12880.720 GC heap after
{Heap after GC invocations=7886 (full 117):
 PSYoungGen      total 2560K, used 2030K [0x00000000eab00000, 0x00000000eb700000, 0x0000000100000000)
  eden space 512K, 0% used [0x00000000eab00000,0x00000000eab00000,0x00000000eab80000)
  from space 2048K, 99% used [0x00000000eaf80000,0x00000000eb17ba00,0x00000000eb180000)
  to   space 4096K, 0% used [0x00000000eab80000,0x00000000eab80000,0x00000000eaf80000)
 ParOldGen       total 165888K, used 162771K [0x00000000c0000000, 0x00000000ca200000, 0x00000000eab00000)
  object space 165888K, 98% used [0x00000000c0000000,0x00000000c9ef4cb0,0x00000000ca200000)
 Metaspace       used 87301K, committed 88256K, reserved 1130496K
  class space    used 8687K, committed 9152K, reserved 1048576K
}
Event: 12880.722 GC heap before
{Heap before GC invocations=7887 (full 117):
 PSYoungGen      total 2560K, used 2542K [0x00000000eab00000, 0x00000000eb700000, 0x0000000100000000)
  eden space 512K, 100% used [0x00000000eab00000,0x00000000eab80000,0x00000000eab80000)
  from space 2048K, 99% used [0x00000000eaf80000,0x00000000eb17ba00,0x00000000eb180000)
  to   space 4096K, 0% used [0x00000000eab80000,0x00000000eab80000,0x00000000eaf80000)
 ParOldGen       total 165888K, used 162771K [0x00000000c0000000, 0x00000000ca200000, 0x00000000eab00000)
  object space 165888K, 98% used [0x00000000c0000000,0x00000000c9ef4cb0,0x00000000ca200000)
 Metaspace       used 87301K, committed 88256K, reserved 1130496K
  class space    used 8687K, committed 9152K, reserved 1048576K
}
Event: 12880.724 GC heap after
{Heap after GC invocations=7887 (full 117):
 PSYoungGen      total 1536K, used 544K [0x00000000eab00000, 0x00000000eb000000, 0x0000000100000000)
  eden space 512K, 0% used [0x00000000eab00000,0x00000000eab00000,0x00000000eab80000)
  from space 1024K, 53% used [0x00000000eab80000,0x00000000eac08000,0x00000000eac80000)
  to   space 2048K, 0% used [0x00000000eae00000,0x00000000eae00000,0x00000000eb000000)
 ParOldGen       total 165888K, used 164825K [0x00000000c0000000, 0x00000000ca200000, 0x00000000eab00000)
  object space 165888K, 99% used [0x00000000c0000000,0x00000000ca0f66b0,0x00000000ca200000)
 Metaspace       used 87301K, committed 88256K, reserved 1130496K
  class space    used 8687K, committed 9152K, reserved 1048576K
}
Event: 12880.724 GC heap before
{Heap before GC invocations=7888 (full 118):
 PSYoungGen      total 1536K, used 544K [0x00000000eab00000, 0x00000000eb000000, 0x0000000100000000)
  eden space 512K, 0% used [0x00000000eab00000,0x00000000eab00000,0x00000000eab80000)
  from space 1024K, 53% used [0x00000000eab80000,0x00000000eac08000,0x00000000eac80000)
  to   space 2048K, 0% used [0x00000000eae00000,0x00000000eae00000,0x00000000eb000000)
 ParOldGen       total 165888K, used 164825K [0x00000000c0000000, 0x00000000ca200000, 0x00000000eab00000)
  object space 165888K, 99% used [0x00000000c0000000,0x00000000ca0f66b0,0x00000000ca200000)
 Metaspace       used 87301K, committed 88256K, reserved 1130496K
  class space    used 8687K, committed 9152K, reserved 1048576K
}

