# JRE version: OpenJDK Runtime Environment Temurin-17.0.5+8 (17.0.5+8) (build 17.0.5+8)
# Java VM: OpenJDK 64-Bit Server VM Temurin-17.0.5+8 (17.0.5+8, mixed mode, tiered, compressed oops, compressed class ptrs, parallel gc, windows-amd64)
GC Precious Log:
 CPUs: 4 total, 4 available
 Memory: 8069M
 Large Page Support: Disabled
 NUMA Support: Disabled
 Compressed Oops: Enabled (32-bit)
 Alignments: Space 512K, Generation 512K, Heap 2M
 Heap Min Capacity: 100M
 Heap Initial Capacity: 100M
 Heap Max Capacity: 1G
 Pre-touch: Disabled
 Parallel Workers: 4
Heap:
 PSYoungGen      total 4608K, used 2109K [0x00000000eab00000, 0x00000000eb480000, 0x0000000100000000)
  eden space 4096K, 49% used [0x00000000eab00000,0x00000000eacf74c0,0x00000000eaf00000)
  from space 512K, 18% used [0x00000000eb400000,0x00000000eb418000,0x00000000eb480000)
  to   space 1536K, 0% used [0x00000000eb180000,0x00000000eb180000,0x00000000eb300000)
 ParOldGen       total 266752K, used 260598K [0x00000000c0000000, 0x00000000d0480000, 0x00000000eab00000)
  object space 266752K, 97% used [0x00000000c0000000,0x00000000cfe7d8c8,0x00000000d0480000)
 Metaspace       used 75717K, committed 76672K, reserved 1122304K
  class space    used 7637K, committed 8064K, reserved 1048576K
GC Heap History (20 events):
Event: 1171.669 GC heap before
{Heap before GC invocations=584 (full 16):
 PSYoungGen      total 6144K, used 6064K [0x00000000eab00000, 0x00000000eb600000, 0x0000000100000000)
  eden space 4096K, 100% used [0x00000000eab00000,0x00000000eaf00000,0x00000000eaf00000)
  from space 2048K, 96% used [0x00000000eb400000,0x00000000eb5ec000,0x00000000eb600000)
  to   space 3072K, 0% used [0x00000000eb000000,0x00000000eb000000,0x00000000eb300000)
 ParOldGen       total 266752K, used 243584K [0x00000000c0000000, 0x00000000d0480000, 0x00000000eab00000)
  object space 266752K, 91% used [0x00000000c0000000,0x00000000cede0148,0x00000000d0480000)
 Metaspace       used 75630K, committed 76608K, reserved 1122304K
  class space    used 7637K, committed 8064K, reserved 1048576K
}
Event: 1171.671 GC heap after
{Heap after GC invocations=584 (full 16):
 PSYoungGen      total 7168K, used 224K [0x00000000eab00000, 0x00000000eb480000, 0x0000000100000000)
  eden space 4096K, 0% used [0x00000000eab00000,0x00000000eab00000,0x00000000eaf00000)
  from space 3072K, 7% used [0x00000000eb000000,0x00000000eb038000,0x00000000eb300000)
  to   space 1024K, 0% used [0x00000000eb380000,0x00000000eb380000,0x00000000eb480000)
 ParOldGen       total 266752K, used 245509K [0x00000000c0000000, 0x00000000d0480000, 0x00000000eab00000)
  object space 266752K, 92% used [0x00000000c0000000,0x00000000cefc15e8,0x00000000d0480000)
 Metaspace       used 75630K, committed 76608K, reserved 1122304K
  class space    used 7637K, committed 8064K, reserved 1048576K
}
Event: 1172.566 GC heap before
{Heap before GC invocations=585 (full 16):
 PSYoungGen      total 7168K, used 4320K [0x00000000eab00000, 0x00000000eb480000, 0x0000000100000000)
  eden space 4096K, 100% used [0x00000000eab00000,0x00000000eaf00000,0x00000000eaf00000)
  from space 3072K, 7% used [0x00000000eb000000,0x00000000eb038000,0x00000000eb300000)
  to   space 1024K, 0% used [0x00000000eb380000,0x00000000eb380000,0x00000000eb480000)
 ParOldGen       total 266752K, used 245509K [0x00000000c0000000, 0x00000000d0480000, 0x00000000eab00000)
  object space 266752K, 92% used [0x00000000c0000000,0x00000000cefc15e8,0x00000000d0480000)
 Metaspace       used 75632K, committed 76608K, reserved 1122304K
  class space    used 7637K, committed 8064K, reserved 1048576K
}
Event: 1172.568 GC heap after
{Heap after GC invocations=585 (full 16):
 PSYoungGen      total 4608K, used 400K [0x00000000eab00000, 0x00000000eb400000, 0x0000000100000000)
  eden space 4096K, 0% used [0x00000000eab00000,0x00000000eab00000,0x00000000eaf00000)
  from space 512K, 78% used [0x00000000eb380000,0x00000000eb3e4010,0x00000000eb400000)
  to   space 512K, 0% used [0x00000000eb300000,0x00000000eb300000,0x00000000eb380000)
 ParOldGen       total 266752K, used 245677K [0x00000000c0000000, 0x00000000d0480000, 0x00000000eab00000)
  object space 266752K, 92% used [0x00000000c0000000,0x00000000cefeb5e8,0x00000000d0480000)
 Metaspace       used 75632K, committed 76608K, reserved 1122304K
  class space    used 7637K, committed 8064K, reserved 1048576K
}
Event: 1172.679 GC heap before
{Heap before GC invocations=586 (full 16):
 PSYoungGen      total 4608K, used 4496K [0x00000000eab00000, 0x00000000eb400000, 0x0000000100000000)
  eden space 4096K, 100% used [0x00000000eab00000,0x00000000eaf00000,0x00000000eaf00000)
  from space 512K, 78% used [0x00000000eb380000,0x00000000eb3e4010,0x00000000eb400000)
  to   space 512K, 0% used [0x00000000eb300000,0x00000000eb300000,0x00000000eb380000)
 ParOldGen       total 266752K, used 245677K [0x00000000c0000000, 0x00000000d0480000, 0x00000000eab00000)
  object space 266752K, 92% used [0x00000000c0000000,0x00000000cefeb5e8,0x00000000d0480000)
 Metaspace       used 75643K, committed 76608K, reserved 1122304K
  class space    used 7637K, committed 8064K, reserved 1048576K
}
Event: 1172.680 GC heap after
{Heap after GC invocations=586 (full 16):
 PSYoungGen      total 4608K, used 432K [0x00000000eab00000, 0x00000000eb400000, 0x0000000100000000)
  eden space 4096K, 0% used [0x00000000eab00000,0x00000000eab00000,0x00000000eaf00000)
  from space 512K, 84% used [0x00000000eb300000,0x00000000eb36c010,0x00000000eb380000)
  to   space 512K, 0% used [0x00000000eb380000,0x00000000eb380000,0x00000000eb400000)
 ParOldGen       total 266752K, used 245677K [0x00000000c0000000, 0x00000000d0480000, 0x00000000eab00000)
  object space 266752K, 92% used [0x00000000c0000000,0x00000000cefeb5e8,0x00000000d0480000)
 Metaspace       used 75643K, committed 76608K, reserved 1122304K
  class space    used 7637K, committed 8064K, reserved 1048576K
}
Event: 1172.699 GC heap before
{Heap before GC invocations=587 (full 16):
 PSYoungGen      total 4608K, used 4528K [0x00000000eab00000, 0x00000000eb400000, 0x0000000100000000)
  eden space 4096K, 99% used [0x00000000eab00000,0x00000000eaeffff8,0x00000000eaf00000)
  from space 512K, 84% used [0x00000000eb300000,0x00000000eb36c010,0x00000000eb380000)
  to   space 512K, 0% used [0x00000000eb380000,0x00000000eb380000,0x00000000eb400000)
 ParOldGen       total 266752K, used 245677K [0x00000000c0000000, 0x00000000d0480000, 0x00000000eab00000)
  object space 266752K, 92% used [0x00000000c0000000,0x00000000cefeb5e8,0x00000000d0480000)
 Metaspace       used 75645K, committed 76608K, reserved 1122304K
  class space    used 7637K, committed 8064K, reserved 1048576K
}
Event: 1172.702 GC heap after
{Heap after GC invocations=587 (full 16):
 PSYoungGen      total 4608K, used 496K [0x00000000eab00000, 0x00000000eb400000, 0x0000000100000000)
  eden space 4096K, 0% used [0x00000000eab00000,0x00000000eab00000,0x00000000eaf00000)
  from space 512K, 96% used [0x00000000eb380000,0x00000000eb3fc010,0x00000000eb400000)
  to   space 1536K, 0% used [0x00000000eb100000,0x00000000eb100000,0x00000000eb280000)
 ParOldGen       total 266752K, used 246409K [0x00000000c0000000, 0x00000000d0480000, 0x00000000eab00000)
  object space 266752K, 92% used [0x00000000c0000000,0x00000000cf0a2618,0x00000000d0480000)
 Metaspace       used 75645K, committed 76608K, reserved 1122304K
  class space    used 7637K, committed 8064K, reserved 1048576K
}
Event: 1172.720 GC heap before
{Heap before GC invocations=588 (full 16):
 PSYoungGen      total 4608K, used 4592K [0x00000000eab00000, 0x00000000eb400000, 0x0000000100000000)
  eden space 4096K, 100% used [0x00000000eab00000,0x00000000eaf00000,0x00000000eaf00000)
  from space 512K, 96% used [0x00000000eb380000,0x00000000eb3fc010,0x00000000eb400000)
  to   space 1536K, 0% used [0x00000000eb100000,0x00000000eb100000,0x00000000eb280000)
 ParOldGen       total 266752K, used 246409K [0x00000000c0000000, 0x00000000d0480000, 0x00000000eab00000)
  object space 266752K, 92% used [0x00000000c0000000,0x00000000cf0a2618,0x00000000d0480000)
 Metaspace       used 75652K, committed 76608K, reserved 1122304K
  class space    used 7637K, committed 8064K, reserved 1048576K
}
Event: 1172.722 GC heap after
{Heap after GC invocations=588 (full 16):
 PSYoungGen      total 5632K, used 992K [0x00000000eab00000, 0x00000000eb400000, 0x0000000100000000)
  eden space 4096K, 0% used [0x00000000eab00000,0x00000000eab00000,0x00000000eaf00000)
  from space 1536K, 64% used [0x00000000eb100000,0x00000000eb1f8000,0x00000000eb280000)
  to   space 1536K, 0% used [0x00000000eb280000,0x00000000eb280000,0x00000000eb400000)
 ParOldGen       total 266752K, used 246758K [0x00000000c0000000, 0x00000000d0480000, 0x00000000eab00000)
  object space 266752K, 92% used [0x00000000c0000000,0x00000000cf0f9ab8,0x00000000d0480000)
 Metaspace       used 75652K, committed 76608K, reserved 1122304K
  class space    used 7637K, committed 8064K, reserved 1048576K
}
Event: 1173.325 GC heap before
{Heap before GC invocations=589 (full 16):
 PSYoungGen      total 5632K, used 5088K [0x00000000eab00000, 0x00000000eb400000, 0x0000000100000000)
  eden space 4096K, 100% used [0x00000000eab00000,0x00000000eaf00000,0x00000000eaf00000)
  from space 1536K, 64% used [0x00000000eb100000,0x00000000eb1f8000,0x00000000eb280000)
  to   space 1536K, 0% used [0x00000000eb280000,0x00000000eb280000,0x00000000eb400000)
 ParOldGen       total 266752K, used 246758K [0x00000000c0000000, 0x00000000d0480000, 0x00000000eab00000)
  object space 266752K, 92% used [0x00000000c0000000,0x00000000cf0f9ab8,0x00000000d0480000)
 Metaspace       used 75668K, committed 76608K, reserved 1122304K
  class space    used 7637K, committed 8064K, reserved 1048576K
}
Event: 1173.329 GC heap after
{Heap after GC invocations=589 (full 16):
 PSYoungGen      total 5632K, used 1531K [0x00000000eab00000, 0x00000000eb600000, 0x0000000100000000)
  eden space 4096K, 0% used [0x00000000eab00000,0x00000000eab00000,0x00000000eaf00000)
  from space 1536K, 99% used [0x00000000eb280000,0x00000000eb3feec0,0x00000000eb400000)
  to   space 3584K, 0% used [0x00000000eaf00000,0x00000000eaf00000,0x00000000eb280000)
 ParOldGen       total 266752K, used 248201K [0x00000000c0000000, 0x00000000d0480000, 0x00000000eab00000)
  object space 266752K, 93% used [0x00000000c0000000,0x00000000cf2627f8,0x00000000d0480000)
 Metaspace       used 75668K, committed 76608K, reserved 1122304K
  class space    used 7637K, committed 8064K, reserved 1048576K
}
Event: 1173.344 GC heap before
{Heap before GC invocations=590 (full 16):
 PSYoungGen      total 5632K, used 5627K [0x00000000eab00000, 0x00000000eb600000, 0x0000000100000000)
  eden space 4096K, 100% used [0x00000000eab00000,0x00000000eaf00000,0x00000000eaf00000)
  from space 1536K, 99% used [0x00000000eb280000,0x00000000eb3feec0,0x00000000eb400000)
  to   space 3584K, 0% used [0x00000000eaf00000,0x00000000eaf00000,0x00000000eb280000)
 ParOldGen       total 266752K, used 248201K [0x00000000c0000000, 0x00000000d0480000, 0x00000000eab00000)
  object space 266752K, 93% used [0x00000000c0000000,0x00000000cf2627f8,0x00000000d0480000)
 Metaspace       used 75668K, committed 76608K, reserved 1122304K
  class space    used 7637K, committed 8064K, reserved 1048576K
}
Event: 1173.348 GC heap after
{Heap after GC invocations=590 (full 16):
 PSYoungGen      total 7680K, used 3584K [0x00000000eab00000, 0x00000000ebb00000, 0x0000000100000000)
  eden space 4096K, 0% used [0x00000000eab00000,0x00000000eab00000,0x00000000eaf00000)
  from space 3584K, 100% used [0x00000000eaf00000,0x00000000eb280000,0x00000000eb280000)
  to   space 6144K, 0% used [0x00000000eb500000,0x00000000eb500000,0x00000000ebb00000)
 ParOldGen       total 266752K, used 250217K [0x00000000c0000000, 0x00000000d0480000, 0x00000000eab00000)
  object space 266752K, 93% used [0x00000000c0000000,0x00000000cf45a6c8,0x00000000d0480000)
 Metaspace       used 75668K, committed 76608K, reserved 1122304K
  class space    used 7637K, committed 8064K, reserved 1048576K
}
Event: 1173.396 GC heap before
{Heap before GC invocations=591 (full 16):
 PSYoungGen      total 7680K, used 7559K [0x00000000eab00000, 0x00000000ebb00000, 0x0000000100000000)
  eden space 4096K, 97% used [0x00000000eab00000,0x00000000eaee1fb8,0x00000000eaf00000)
  from space 3584K, 100% used [0x00000000eaf00000,0x00000000eb280000,0x00000000eb280000)
  to   space 6144K, 0% used [0x00000000eb500000,0x00000000eb500000,0x00000000ebb00000)
 ParOldGen       total 266752K, used 250217K [0x00000000c0000000, 0x00000000d0480000, 0x00000000eab00000)
  object space 266752K, 93% used [0x00000000c0000000,0x00000000cf45a6c8,0x00000000d0480000)
 Metaspace       used 75668K, committed 76608K, reserved 1122304K
  class space    used 7637K, committed 8064K, reserved 1048576K
}
Event: 1173.401 GC heap after
{Heap after GC invocations=591 (full 16):
 PSYoungGen      total 7168K, used 3050K [0x00000000eab00000, 0x00000000eb800000, 0x0000000100000000)
  eden space 4096K, 0% used [0x00000000eab00000,0x00000000eab00000,0x00000000eaf00000)
  from space 3072K, 99% used [0x00000000eb500000,0x00000000eb7fa800,0x00000000eb800000)
  to   space 4096K, 0% used [0x00000000eb000000,0x00000000eb000000,0x00000000eb400000)
 ParOldGen       total 266752K, used 253833K [0x00000000c0000000, 0x00000000d0480000, 0x00000000eab00000)
  object space 266752K, 95% used [0x00000000c0000000,0x00000000cf7e26c8,0x00000000d0480000)
 Metaspace       used 75668K, committed 76608K, reserved 1122304K
  class space    used 7637K, committed 8064K, reserved 1048576K
}
Event: 1173.436 GC heap before
{Heap before GC invocations=592 (full 16):
 PSYoungGen      total 7168K, used 7146K [0x00000000eab00000, 0x00000000eb800000, 0x0000000100000000)
  eden space 4096K, 100% used [0x00000000eab00000,0x00000000eaf00000,0x00000000eaf00000)
  from space 3072K, 99% used [0x00000000eb500000,0x00000000eb7fa800,0x00000000eb800000)
  to   space 4096K, 0% used [0x00000000eb000000,0x00000000eb000000,0x00000000eb400000)
 ParOldGen       total 266752K, used 253833K [0x00000000c0000000, 0x00000000d0480000, 0x00000000eab00000)
  object space 266752K, 95% used [0x00000000c0000000,0x00000000cf7e26c8,0x00000000d0480000)
 Metaspace       used 75668K, committed 76608K, reserved 1122304K
  class space    used 7637K, committed 8064K, reserved 1048576K
}
Event: 1173.440 GC heap after
{Heap after GC invocations=592 (full 16):
 PSYoungGen      total 8192K, used 3786K [0x00000000eab00000, 0x00000000eb700000, 0x0000000100000000)
  eden space 4096K, 0% used [0x00000000eab00000,0x00000000eab00000,0x00000000eaf00000)
  from space 4096K, 92% used [0x00000000eb000000,0x00000000eb3b2a00,0x00000000eb400000)
  to   space 3072K, 0% used [0x00000000eb400000,0x00000000eb400000,0x00000000eb700000)
 ParOldGen       total 266752K, used 256827K [0x00000000c0000000, 0x00000000d0480000, 0x00000000eab00000)
  object space 266752K, 96% used [0x00000000c0000000,0x00000000cfaceec8,0x00000000d0480000)
 Metaspace       used 75668K, committed 76608K, reserved 1122304K
  class space    used 7637K, committed 8064K, reserved 1048576K
}
Event: 3906.087 GC heap before
{Heap before GC invocations=593 (full 16):
 PSYoungGen      total 8192K, used 7882K [0x00000000eab00000, 0x00000000eb700000, 0x0000000100000000)
  eden space 4096K, 99% used [0x00000000eab00000,0x00000000eaeffff0,0x00000000eaf00000)
  from space 4096K, 92% used [0x00000000eb000000,0x00000000eb3b2a00,0x00000000eb400000)
  to   space 3072K, 0% used [0x00000000eb400000,0x00000000eb400000,0x00000000eb700000)
 ParOldGen       total 266752K, used 256827K [0x00000000c0000000, 0x00000000d0480000, 0x00000000eab00000)
  object space 266752K, 96% used [0x00000000c0000000,0x00000000cfaceec8,0x00000000d0480000)
 Metaspace       used 75717K, committed 76672K, reserved 1122304K
  class space    used 7637K, committed 8064K, reserved 1048576K
}
Event: 3906.275 GC heap after
{Heap after GC invocations=593 (full 16):
 PSYoungGen      total 4608K, used 96K [0x00000000eab00000, 0x00000000eb480000, 0x0000000100000000)
  eden space 4096K, 0% used [0x00000000eab00000,0x00000000eab00000,0x00000000eaf00000)
  from space 512K, 18% used [0x00000000eb400000,0x00000000eb418000,0x00000000eb480000)
  to   space 1536K, 0% used [0x00000000eb180000,0x00000000eb180000,0x00000000eb300000)
 ParOldGen       total 266752K, used 260598K [0x00000000c0000000, 0x00000000d0480000, 0x00000000eab00000)
  object space 266752K, 97% used [0x00000000c0000000,0x00000000cfe7d8c8,0x00000000d0480000)
 Metaspace       used 75717K, committed 76672K, reserved 1122304K
  class space    used 7637K, committed 8064K, reserved 1048576K
}

